npm warn Unknown env config "devdir". This will stop working in the next major version of npm.

> build
> vite build

'\\wsl.localhost\Ubuntu-24.04\home\osint\wonderland-erp\web-portal'
CMD.EXE was started with the above path as the current directory.
UNC paths are not supported.  Defaulting to Windows directory.
vite v8.1.0 building client environment for production...
✓ 0 modules transformed.
[2Ktransforming...✗ Build failed in 59ms
error during build:
Build failed with 1 error:

[31m[UNRESOLVED_ENTRY] [0mCannot resolve entry module index.html.

    at aggregateBindingErrorsIntoJsError (file://wsl.localhost/Ubuntu-24.04/home/osint/wonderland-erp/web-portal/node_modules/rolldown/dist/shared/error-B68YLzl3.mjs:48:18)
    at unwrapBindingResult (file://wsl.localhost/Ubuntu-24.04/home/osint/wonderland-erp/web-portal/node_modules/rolldown/dist/shared/error-B68YLzl3.mjs:18:128)
    at #build (file://wsl.localhost/Ubuntu-24.04/home/osint/wonderland-erp/web-portal/node_modules/rolldown/dist/shared/rolldown-build-DR0wzp0V.mjs:3256:34)
    at async buildEnvironment (file://wsl.localhost/Ubuntu-24.04/home/osint/wonderland-erp/web-portal/node_modules/vite/dist/node/chunks/node.js:32575:66)
    at async Object.build (file://wsl.localhost/Ubuntu-24.04/home/osint/wonderland-erp/web-portal/node_modules/vite/dist/node/chunks/node.js:32997:19)
    at async Object.buildApp (file://wsl.localhost/Ubuntu-24.04/home/osint/wonderland-erp/web-portal/node_modules/vite/dist/node/chunks/node.js:32994:153)
    at async CAC.<anonymous> (file://wsl.localhost/Ubuntu-24.04/home/osint/wonderland-erp/web-portal/node_modules/vite/dist/node/cli.js:777:3) {
  errors: [Getter/Setter]
}
